#
# There is insufficient memory for the Java Runtime Environment to continue.
# Native memory allocation (mmap) failed to map 240123904 bytes for G1 virtual space
# Possible reasons:
#   The system is out of physical RAM or swap space
#   The process is running with CompressedOops enabled, and the Java Heap may be blocking the growth of the native heap
# Possible solutions:
#   Reduce memory load on the system
#   Increase physical memory or swap space
#   Check if swap backing store is full
#   Decrease Java heap size (-Xmx/-Xms)
#   Decrease number of Java threads
#   Decrease Java thread stack sizes (-Xss)
#   Set larger code cache with -XX:ReservedCodeCacheSize=
#   JVM is running with Unscaled Compressed Oops mode in which the Java heap is
#     placed in the first 4GB address space. The Java Heap base address is the
#     maximum limit for the native heap growth. Please use -XX:HeapBaseMinAddress
#     to set the Java Heap base and to place the Java Heap above 4GB virtual address.
# This output file may be truncated or incomplete.
#
#  Out of Memory Error (os_windows.cpp:3603), pid=15120, tid=7256
#
# JRE version: Java(TM) SE Runtime Environment (21.0.8+12) (build 21.0.8+12-LTS-250)
# Java VM: Java HotSpot(TM) 64-Bit Server VM (21.0.8+12-LTS-250, mixed mode, sharing, tiered, compressed oops, compressed class ptrs, g1 gc, windows-amd64)
# No core dump will be written. Minidumps are not enabled by default on client versions of Windows
#

---------------  S U M M A R Y ------------

Command Line: org.jetbrains.kotlin.cli.jvm.K2JVMCompiler @C:\Users\luiza\Downloads\imobly-front-end\composeApp\build\20251104_941312765649612068.compiler.options

Host: 11th Gen Intel(R) Core(TM) i5-1135G7 @ 2.40GHz, 8 cores, 7G,  Windows 11 , 64 bit Build 26100 (10.0.26100.6725)
Time: Tue Nov  4 19:26:07 2025 Hora oficial do Brasil elapsed time: 18.705242 seconds (0d 0h 0m 18s)

---------------  T H R E A D  ---------------

Current thread (0x000001bcd963be20):  VMThread "VM Thread"          [id=7256, stack(0x0000009d14500000,0x0000009d14600000) (1024K)]

Stack: [0x0000009d14500000,0x0000009d14600000]
Native frames: (J=compiled Java code, j=interpreted, Vv=VM code, C=native code)
V  [jvm.dll+0x6cc179]
V  [jvm.dll+0x8584c1]
V  [jvm.dll+0x85a9ee]
V  [jvm.dll+0x85b0c3]
V  [jvm.dll+0x27ebf6]
V  [jvm.dll+0x6c88f5]
V  [jvm.dll+0x6bd45a]
V  [jvm.dll+0x354b1a]
V  [jvm.dll+0x35c796]
V  [jvm.dll+0x3af85e]
V  [jvm.dll+0x3afb08]
V  [jvm.dll+0x328e2c]
V  [jvm.dll+0x328eb7]
V  [jvm.dll+0x36d7dc]
V  [jvm.dll+0x36c02e]
V  [jvm.dll+0x3285f1]
V  [jvm.dll+0x36b74a]
V  [jvm.dll+0x860e90]
V  [jvm.dll+0x862214]
V  [jvm.dll+0x862750]
V  [jvm.dll+0x8629f3]
V  [jvm.dll+0x80279b]
V  [jvm.dll+0x6ca85d]
C  [ucrtbase.dll+0x37b0]
C  [KERNEL32.DLL+0x2e8d7]
C  [ntdll.dll+0x8c53c]

VM_Operation (0x0000009d158fc330): G1CollectForAllocation, mode: safepoint, requested by thread 0x000001bd2b1736f0


---------------  P R O C E S S  ---------------

Threads class SMR info:
_java_thread_list=0x000001bd20882d50, length=13, elements={
0x000001bcbae69480, 0x000001bcd9655d70, 0x000001bcd96588c0, 0x000001bcd965e1a0,
0x000001bcd9bd04e0, 0x000001bcd9bda360, 0x000001bcd9bdc0f0, 0x000001bcd9be83a0,
0x000001bcd9bf3a60, 0x000001bcd9bdc780, 0x000001bcd9bddb30, 0x000001bd2b1736f0,
0x000001bd2b7f9020
}

Java Threads: ( => current thread )
  0x000001bcbae69480 JavaThread "main"                              [_thread_blocked, id=11952, stack(0x0000009d13e00000,0x0000009d13f00000) (1024K)]
  0x000001bcd9655d70 JavaThread "Reference Handler"          daemon [_thread_blocked, id=17476, stack(0x0000009d14600000,0x0000009d14700000) (1024K)]
  0x000001bcd96588c0 JavaThread "Finalizer"                  daemon [_thread_blocked, id=11936, stack(0x0000009d14700000,0x0000009d14800000) (1024K)]
  0x000001bcd965e1a0 JavaThread "Signal Dispatcher"          daemon [_thread_blocked, id=15652, stack(0x0000009d14800000,0x0000009d14900000) (1024K)]
  0x000001bcd9bd04e0 JavaThread "Attach Listener"            daemon [_thread_blocked, id=17560, stack(0x0000009d14900000,0x0000009d14a00000) (1024K)]
  0x000001bcd9bda360 JavaThread "Service Thread"             daemon [_thread_blocked, id=11328, stack(0x0000009d14a00000,0x0000009d14b00000) (1024K)]
  0x000001bcd9bdc0f0 JavaThread "Monitor Deflation Thread"   daemon [_thread_blocked, id=5840, stack(0x0000009d14b00000,0x0000009d14c00000) (1024K)]
  0x000001bcd9be83a0 JavaThread "C2 CompilerThread0"         daemon [_thread_blocked, id=3788, stack(0x0000009d14c00000,0x0000009d14d00000) (1024K)]
  0x000001bcd9bf3a60 JavaThread "C1 CompilerThread0"         daemon [_thread_blocked, id=20876, stack(0x0000009d14d00000,0x0000009d14e00000) (1024K)]
  0x000001bcd9bdc780 JavaThread "Notification Thread"        daemon [_thread_blocked, id=12400, stack(0x0000009d14e00000,0x0000009d14f00000) (1024K)]
  0x000001bcd9bddb30 JavaThread "Common-Cleaner"             daemon [_thread_blocked, id=14520, stack(0x0000009d14f00000,0x0000009d15000000) (1024K)]
  0x000001bd2b1736f0 JavaThread "C2 CompilerThread1"         daemon [_thread_blocked, id=7624, stack(0x0000009d15800000,0x0000009d15900000) (1024K)]
  0x000001bd2b7f9020 JavaThread "C2 CompilerThread2"         daemon [_thread_in_native, id=3416, stack(0x0000009d15900000,0x0000009d15a00000) (1024K)]
Total: 13

Other Threads:
=>0x000001bcd963be20 VMThread "VM Thread"                           [id=7256, stack(0x0000009d14500000,0x0000009d14600000) (1024K)]
  0x000001bcd9629ea0 WatcherThread "VM Periodic Task Thread"        [id=13880, stack(0x0000009d14400000,0x0000009d14500000) (1024K)]
  0x000001bcbd1c1780 WorkerThread "GC Thread#0"                     [id=11500, stack(0x0000009d13f00000,0x0000009d14000000) (1024K)]
  0x000001bd1f393230 WorkerThread "GC Thread#1"                     [id=21536, stack(0x0000009d15100000,0x0000009d15200000) (1024K)]
  0x000001bd1f3935d0 WorkerThread "GC Thread#2"                     [id=23156, stack(0x0000009d15200000,0x0000009d15300000) (1024K)]
  0x000001bd1f3bff60 WorkerThread "GC Thread#3"                     [id=11452, stack(0x0000009d15300000,0x0000009d15400000) (1024K)]
  0x000001bd1f3c0300 WorkerThread "GC Thread#4"                     [id=8272, stack(0x0000009d15400000,0x0000009d15500000) (1024K)]
  0x000001bd1f3c06a0 WorkerThread "GC Thread#5"                     [id=5672, stack(0x0000009d15500000,0x0000009d15600000) (1024K)]
  0x000001bd1f515f60 WorkerThread "GC Thread#6"                     [id=23480, stack(0x0000009d15000000,0x0000009d15100000) (1024K)]
  0x000001bd1f515480 WorkerThread "GC Thread#7"                     [id=15324, stack(0x0000009d15600000,0x0000009d15700000) (1024K)]
  0x000001bcbd1d20a0 ConcurrentGCThread "G1 Main Marker"            [id=11756, stack(0x0000009d14000000,0x0000009d14100000) (1024K)]
  0x000001bcbd1d3ac0 WorkerThread "G1 Conc#0"                       [id=11972, stack(0x0000009d14100000,0x0000009d14200000) (1024K)]
  0x000001bd20136840 WorkerThread "G1 Conc#1"                       [id=11644, stack(0x0000009d15700000,0x0000009d15800000) (1024K)]
  0x000001bcd94fa190 ConcurrentGCThread "G1 Refine#0"               [id=21728, stack(0x0000009d14200000,0x0000009d14300000) (1024K)]
  0x000001bcd94fc9c0 ConcurrentGCThread "G1 Service"                [id=6052, stack(0x0000009d14300000,0x0000009d14400000) (1024K)]
Total: 15

Threads with active compile tasks:
C2 CompilerThread0    18797 9378       4       org.jetbrains.kotlin.types.AbstractNullabilityChecker::hasNotNullSupertype (406 bytes)
C2 CompilerThread1    18797 9391       4       org.jetbrains.kotlin.fir.types.TypeUtilsKt::captureArguments (798 bytes)
C2 CompilerThread2    18797 9292       4       org.jetbrains.kotlin.fir.resolve.calls.tower.FirTowerResolveTask::processCandidatesWithGivenImplicitReceiverAsValue (1802 bytes)
Total: 3

VM state: at safepoint (normal execution)

VM Mutex/Monitor currently owned by a thread:  ([mutex/lock_event])
[0x00007ff8b92d0e50] Threads_lock - owner thread: 0x000001bcd963be20
[0x00007ff8b92d0f50] Heap_lock - owner thread: 0x000001bd2b1736f0

Heap address: 0x0000000083600000, size: 1994 MB, Compressed Oops mode: 32-bit

CDS archive(s) mapped at: [0x000001bcda000000-0x000001bcdac90000-0x000001bcdac90000), size 13172736, SharedBaseAddress: 0x000001bcda000000, ArchiveRelocationMode: 1.
Compressed class space mapped at: 0x000001bcdb000000-0x000001bd1b000000, reserved size: 1073741824
Narrow klass base: 0x000001bcda000000, Narrow klass shift: 0, Narrow klass range: 0x100000000

GC Precious Log:
 CardTable entry size: 512
 Card Set container configuration: InlinePtr #cards 5 size 8 Array Of Cards #cards 12 size 40 Howl #buckets 4 coarsen threshold 1843 Howl Bitmap #cards 512 size 80 coarsen threshold 460 Card regions per heap region 1 cards per card region 2048
 CPUs: 8 total, 8 available
 Memory: 7971M
 Large Page Support: Disabled
 NUMA Support: Disabled
 Compressed Oops: Enabled (32-bit)
 Heap Region Size: 1M
 Heap Min Capacity: 8M
 Heap Initial Capacity: 126M
 Heap Max Capacity: 1994M
 Pre-touch: Disabled
 Parallel Workers: 8
 Concurrent Workers: 2
 Concurrent Refinement Workers: 8
 Periodic GC: Disabled

Heap:
 garbage-first heap   total 204800K, used 129536K [0x0000000083600000, 0x0000000100000000)
  region size 1024K, 7 young (7168K), 7 survivors (7168K)
 Metaspace       used 58463K, committed 58816K, reserved 1114112K
  class space    used 6513K, committed 6656K, reserved 1048576K

Heap Regions: E=young(eden), S=young(survivor), O=old, HS=humongous(starts), HC=humongous(continues), CS=collection set, F=free, TAMS=top-at-mark-start, PB=parsable bottom
|   0|0x0000000083600000, 0x0000000083700000, 0x0000000083700000|100%|HS|  |TAMS 0x0000000083600000| PB 0x0000000083600000| Complete 
|   1|0x0000000083700000, 0x0000000083800000, 0x0000000083800000|100%|HC|  |TAMS 0x0000000083700000| PB 0x0000000083700000| Complete 
|   2|0x0000000083800000, 0x0000000083900000, 0x0000000083900000|100%|HC|  |TAMS 0x0000000083800000| PB 0x0000000083800000| Complete 
|   3|0x0000000083900000, 0x0000000083a00000, 0x0000000083a00000|100%|HC|  |TAMS 0x0000000083900000| PB 0x0000000083900000| Complete 
|   4|0x0000000083a00000, 0x0000000083b00000, 0x0000000083b00000|100%| O|  |TAMS 0x0000000083a00000| PB 0x0000000083a00000| Untracked 
|   5|0x0000000083b00000, 0x0000000083c00000, 0x0000000083c00000|100%| O|  |TAMS 0x0000000083b00000| PB 0x0000000083b00000| Untracked 
|   6|0x0000000083c00000, 0x0000000083d00000, 0x0000000083d00000|100%| O|  |TAMS 0x0000000083c00000| PB 0x0000000083c00000| Untracked 
|   7|0x0000000083d00000, 0x0000000083e00000, 0x0000000083e00000|100%| O|  |TAMS 0x0000000083d00000| PB 0x0000000083d00000| Untracked 
|   8|0x0000000083e00000, 0x0000000083f00000, 0x0000000083f00000|100%| O|  |TAMS 0x0000000083e00000| PB 0x0000000083e00000| Untracked 
|   9|0x0000000083f00000, 0x0000000084000000, 0x0000000084000000|100%| O|  |TAMS 0x0000000083f00000| PB 0x0000000083f00000| Untracked 
|  10|0x0000000084000000, 0x0000000084100000, 0x0000000084100000|100%| O|  |TAMS 0x0000000084000000| PB 0x0000000084000000| Untracked 
|  11|0x0000000084100000, 0x0000000084200000, 0x0000000084200000|100%| O|  |TAMS 0x0000000084100000| PB 0x0000000084100000| Untracked 
|  12|0x0000000084200000, 0x0000000084300000, 0x0000000084300000|100%| O|  |TAMS 0x0000000084200000| PB 0x0000000084200000| Untracked 
|  13|0x0000000084300000, 0x0000000084400000, 0x0000000084400000|100%| O|  |TAMS 0x0000000084300000| PB 0x0000000084300000| Untracked 
|  14|0x0000000084400000, 0x0000000084500000, 0x0000000084500000|100%| O|  |TAMS 0x0000000084400000| PB 0x0000000084400000| Untracked 
|  15|0x0000000084500000, 0x0000000084600000, 0x0000000084600000|100%| O|  |TAMS 0x0000000084500000| PB 0x0000000084500000| Untracked 
|  16|0x0000000084600000, 0x0000000084700000, 0x0000000084700000|100%| O|  |TAMS 0x0000000084600000| PB 0x0000000084600000| Untracked 
|  17|0x0000000084700000, 0x0000000084800000, 0x0000000084800000|100%| O|  |TAMS 0x0000000084700000| PB 0x0000000084700000| Untracked 
|  18|0x0000000084800000, 0x0000000084900000, 0x0000000084900000|100%| O|  |TAMS 0x0000000084800000| PB 0x0000000084800000| Untracked 
|  19|0x0000000084900000, 0x0000000084a00000, 0x0000000084a00000|100%| O|  |TAMS 0x0000000084900000| PB 0x0000000084900000| Untracked 
|  20|0x0000000084a00000, 0x0000000084b00000, 0x0000000084b00000|100%| O|  |TAMS 0x0000000084a00000| PB 0x0000000084a00000| Untracked 
|  21|0x0000000084b00000, 0x0000000084c00000, 0x0000000084c00000|100%| O|  |TAMS 0x0000000084b00000| PB 0x0000000084b00000| Untracked 
|  22|0x0000000084c00000, 0x0000000084d00000, 0x0000000084d00000|100%| O|  |TAMS 0x0000000084c00000| PB 0x0000000084c00000| Untracked 
|  23|0x0000000084d00000, 0x0000000084e00000, 0x0000000084e00000|100%| O|  |TAMS 0x0000000084d00000| PB 0x0000000084d00000| Untracked 
|  24|0x0000000084e00000, 0x0000000084f00000, 0x0000000084f00000|100%| O|  |TAMS 0x0000000084e00000| PB 0x0000000084e00000| Untracked 
|  25|0x0000000084f00000, 0x0000000085000000, 0x0000000085000000|100%| O|  |TAMS 0x0000000084f00000| PB 0x0000000084f00000| Untracked 
|  26|0x0000000085000000, 0x0000000085100000, 0x0000000085100000|100%| O|  |TAMS 0x0000000085000000| PB 0x0000000085000000| Untracked 
|  27|0x0000000085100000, 0x0000000085200000, 0x0000000085200000|100%| O|  |TAMS 0x0000000085100000| PB 0x0000000085100000| Untracked 
|  28|0x0000000085200000, 0x0000000085300000, 0x0000000085300000|100%| O|  |TAMS 0x0000000085200000| PB 0x0000000085200000| Untracked 
|  29|0x0000000085300000, 0x0000000085400000, 0x0000000085400000|100%| O|  |TAMS 0x0000000085300000| PB 0x0000000085300000| Untracked 
|  30|0x0000000085400000, 0x0000000085500000, 0x0000000085500000|100%| O|  |TAMS 0x0000000085400000| PB 0x0000000085400000| Untracked 
|  31|0x0000000085500000, 0x0000000085600000, 0x0000000085600000|100%| O|  |TAMS 0x0000000085500000| PB 0x0000000085500000| Untracked 
|  32|0x0000000085600000, 0x0000000085700000, 0x0000000085700000|100%| O|  |TAMS 0x0000000085600000| PB 0x0000000085600000| Untracked 
|  33|0x0000000085700000, 0x0000000085800000, 0x0000000085800000|100%| O|  |TAMS 0x0000000085700000| PB 0x0000000085700000| Untracked 
|  34|0x0000000085800000, 0x0000000085900000, 0x0000000085900000|100%| O|  |TAMS 0x0000000085800000| PB 0x0000000085800000| Untracked 
|  35|0x0000000085900000, 0x0000000085a00000, 0x0000000085a00000|100%| O|  |TAMS 0x0000000085900000| PB 0x0000000085900000| Untracked 
|  36|0x0000000085a00000, 0x0000000085b00000, 0x0000000085b00000|100%| O|  |TAMS 0x0000000085a00000| PB 0x0000000085a00000| Untracked 
|  37|0x0000000085b00000, 0x0000000085c00000, 0x0000000085c00000|100%| O|  |TAMS 0x0000000085b00000| PB 0x0000000085b00000| Untracked 
|  38|0x0000000085c00000, 0x0000000085d00000, 0x0000000085d00000|100%| O|  |TAMS 0x0000000085c00000| PB 0x0000000085c00000| Untracked 
|  39|0x0000000085d00000, 0x0000000085e00000, 0x0000000085e00000|100%| O|  |TAMS 0x0000000085d00000| PB 0x0000000085d00000| Untracked 
|  40|0x0000000085e00000, 0x0000000085f00000, 0x0000000085f00000|100%|HS|  |TAMS 0x0000000085e00000| PB 0x0000000085e00000| Complete 
|  41|0x0000000085f00000, 0x0000000086000000, 0x0000000086000000|100%| O|  |TAMS 0x0000000085f00000| PB 0x0000000085f00000| Untracked 
|  42|0x0000000086000000, 0x0000000086100000, 0x0000000086100000|100%| O|  |TAMS 0x0000000086000000| PB 0x0000000086000000| Untracked 
|  43|0x0000000086100000, 0x0000000086200000, 0x0000000086200000|100%| O|  |TAMS 0x0000000086100000| PB 0x0000000086100000| Untracked 
|  44|0x0000000086200000, 0x0000000086300000, 0x0000000086300000|100%| O|  |TAMS 0x0000000086200000| PB 0x0000000086200000| Untracked 
|  45|0x0000000086300000, 0x0000000086300000, 0x0000000086400000|  0%| F|  |TAMS 0x0000000086300000| PB 0x0000000086300000| Untracked 
|  46|0x0000000086400000, 0x0000000086500000, 0x0000000086500000|100%| O|  |TAMS 0x0000000086400000| PB 0x0000000086400000| Untracked 
|  47|0x0000000086500000, 0x0000000086600000, 0x0000000086600000|100%| O|  |TAMS 0x0000000086500000| PB 0x0000000086500000| Untracked 
|  48|0x0000000086600000, 0x0000000086700000, 0x0000000086700000|100%| O|  |TAMS 0x0000000086600000| PB 0x0000000086600000| Untracked 
|  49|0x0000000086700000, 0x0000000086800000, 0x0000000086800000|100%| O|  |TAMS 0x0000000086700000| PB 0x0000000086700000| Untracked 
|  50|0x0000000086800000, 0x0000000086900000, 0x0000000086900000|100%| O|  |TAMS 0x0000000086800000| PB 0x0000000086800000| Untracked 
|  51|0x0000000086900000, 0x0000000086a00000, 0x0000000086a00000|100%| O|  |TAMS 0x0000000086900000| PB 0x0000000086900000| Untracked 
|  52|0x0000000086a00000, 0x0000000086b00000, 0x0000000086b00000|100%| O|  |TAMS 0x0000000086a00000| PB 0x0000000086a00000| Untracked 
|  53|0x0000000086b00000, 0x0000000086c00000, 0x0000000086c00000|100%| O|  |TAMS 0x0000000086b00000| PB 0x0000000086b00000| Untracked 
|  54|0x0000000086c00000, 0x0000000086d00000, 0x0000000086d00000|100%| O|  |TAMS 0x0000000086c00000| PB 0x0000000086c00000| Untracked 
|  55|0x0000000086d00000, 0x0000000086e00000, 0x0000000086e00000|100%| O|  |TAMS 0x0000000086d00000| PB 0x0000000086d00000| Untracked 
|  56|0x0000000086e00000, 0x0000000086f00000, 0x0000000086f00000|100%| O|  |TAMS 0x0000000086e00000| PB 0x0000000086e00000| Untracked 
|  57|0x0000000086f00000, 0x0000000087000000, 0x0000000087000000|100%| O|  |TAMS 0x0000000086f00000| PB 0x0000000086f00000| Untracked 
|  58|0x0000000087000000, 0x0000000087100000, 0x0000000087100000|100%| O|  |TAMS 0x0000000087000000| PB 0x0000000087000000| Untracked 
|  59|0x0000000087100000, 0x0000000087200000, 0x0000000087200000|100%| O|  |TAMS 0x0000000087100000| PB 0x0000000087100000| Untracked 
|  60|0x0000000087200000, 0x0000000087300000, 0x0000000087300000|100%| O|  |TAMS 0x0000000087200000| PB 0x0000000087200000| Untracked 
|  61|0x0000000087300000, 0x0000000087400000, 0x0000000087400000|100%| O|  |TAMS 0x0000000087300000| PB 0x0000000087300000| Untracked 
|  62|0x0000000087400000, 0x0000000087500000, 0x0000000087500000|100%| O|  |TAMS 0x0000000087400000| PB 0x0000000087400000| Untracked 
|  63|0x0000000087500000, 0x0000000087600000, 0x0000000087600000|100%| O|  |TAMS 0x0000000087500000| PB 0x0000000087500000| Untracked 
|  64|0x0000000087600000, 0x0000000087700000, 0x0000000087700000|100%| O|  |TAMS 0x0000000087600000| PB 0x0000000087600000| Untracked 
|  65|0x0000000087700000, 0x0000000087800000, 0x0000000087800000|100%| O|  |TAMS 0x0000000087700000| PB 0x0000000087700000| Untracked 
|  66|0x0000000087800000, 0x0000000087900000, 0x0000000087900000|100%| O|  |TAMS 0x0000000087800000| PB 0x0000000087800000| Untracked 
|  67|0x0000000087900000, 0x0000000087a00000, 0x0000000087a00000|100%| O|  |TAMS 0x0000000087900000| PB 0x0000000087900000| Untracked 
|  68|0x0000000087a00000, 0x0000000087b00000, 0x0000000087b00000|100%| O|  |TAMS 0x0000000087a00000| PB 0x0000000087a00000| Untracked 
|  69|0x0000000087b00000, 0x0000000087c00000, 0x0000000087c00000|100%| O|  |TAMS 0x0000000087b00000| PB 0x0000000087b00000| Untracked 
|  70|0x0000000087c00000, 0x0000000087d00000, 0x0000000087d00000|100%| O|  |TAMS 0x0000000087c00000| PB 0x0000000087c00000| Untracked 
|  71|0x0000000087d00000, 0x0000000087e00000, 0x0000000087e00000|100%| O|  |TAMS 0x0000000087d00000| PB 0x0000000087d00000| Untracked 
|  72|0x0000000087e00000, 0x0000000087f00000, 0x0000000087f00000|100%| O|  |TAMS 0x0000000087e00000| PB 0x0000000087e00000| Untracked 
|  73|0x0000000087f00000, 0x0000000088000000, 0x0000000088000000|100%| O|  |TAMS 0x0000000087f00000| PB 0x0000000087f00000| Untracked 
|  74|0x0000000088000000, 0x0000000088100000, 0x0000000088100000|100%| O|  |TAMS 0x0000000088000000| PB 0x0000000088000000| Untracked 
|  75|0x0000000088100000, 0x0000000088200000, 0x0000000088200000|100%| O|  |TAMS 0x0000000088100000| PB 0x0000000088100000| Untracked 
|  76|0x0000000088200000, 0x0000000088300000, 0x0000000088300000|100%| O|  |TAMS 0x0000000088200000| PB 0x0000000088200000| Untracked 
|  77|0x0000000088300000, 0x0000000088400000, 0x0000000088400000|100%| O|  |TAMS 0x0000000088300000| PB 0x0000000088300000| Untracked 
|  78|0x0000000088400000, 0x0000000088500000, 0x0000000088500000|100%| O|  |TAMS 0x0000000088400000| PB 0x0000000088400000| Untracked 
|  79|0x0000000088500000, 0x0000000088600000, 0x0000000088600000|100%| O|  |TAMS 0x0000000088500000| PB 0x0000000088500000| Untracked 
|  80|0x0000000088600000, 0x0000000088700000, 0x0000000088700000|100%| O|  |TAMS 0x0000000088600000| PB 0x0000000088600000| Untracked 
|  81|0x0000000088700000, 0x0000000088800000, 0x0000000088800000|100%| O|  |TAMS 0x0000000088700000| PB 0x0000000088700000| Untracked 
|  82|0x0000000088800000, 0x0000000088900000, 0x0000000088900000|100%| O|  |TAMS 0x0000000088800000| PB 0x0000000088800000| Untracked 
|  83|0x0000000088900000, 0x0000000088a00000, 0x0000000088a00000|100%| O|  |TAMS 0x0000000088900000| PB 0x0000000088900000| Untracked 
|  84|0x0000000088a00000, 0x0000000088b00000, 0x0000000088b00000|100%| O|  |TAMS 0x0000000088a00000| PB 0x0000000088a00000| Untracked 
|  85|0x0000000088b00000, 0x0000000088c00000, 0x0000000088c00000|100%| O|  |TAMS 0x0000000088b00000| PB 0x0000000088b00000| Untracked 
|  86|0x0000000088c00000, 0x0000000088d00000, 0x0000000088d00000|100%| O|  |TAMS 0x0000000088c00000| PB 0x0000000088c00000| Untracked 
|  87|0x0000000088d00000, 0x0000000088e00000, 0x0000000088e00000|100%| O|  |TAMS 0x0000000088d00000| PB 0x0000000088d00000| Untracked 
|  88|0x0000000088e00000, 0x0000000088f00000, 0x0000000088f00000|100%| O|  |TAMS 0x0000000088e00000| PB 0x0000000088e00000| Untracked 
|  89|0x0000000088f00000, 0x0000000089000000, 0x0000000089000000|100%| O|  |TAMS 0x0000000088f00000| PB 0x0000000088f00000| Untracked 
|  90|0x0000000089000000, 0x0000000089100000, 0x0000000089100000|100%| O|  |TAMS 0x0000000089000000| PB 0x0000000089000000| Untracked 
|  91|0x0000000089100000, 0x0000000089200000, 0x0000000089200000|100%| O|  |TAMS 0x0000000089100000| PB 0x0000000089100000| Untracked 
|  92|0x0000000089200000, 0x0000000089300000, 0x0000000089300000|100%| O|  |TAMS 0x0000000089200000| PB 0x0000000089200000| Untracked 
|  93|0x0000000089300000, 0x0000000089400000, 0x0000000089400000|100%| O|  |TAMS 0x0000000089300000| PB 0x0000000089300000| Untracked 
|  94|0x0000000089400000, 0x0000000089500000, 0x0000000089500000|100%| O|  |TAMS 0x0000000089400000| PB 0x0000000089400000| Untracked 
|  95|0x0000000089500000, 0x0000000089600000, 0x0000000089600000|100%| O|  |TAMS 0x0000000089500000| PB 0x0000000089500000| Untracked 
|  96|0x0000000089600000, 0x0000000089700000, 0x0000000089700000|100%| O|  |TAMS 0x0000000089600000| PB 0x0000000089600000| Untracked 
|  97|0x0000000089700000, 0x0000000089800000, 0x0000000089800000|100%| O|  |TAMS 0x0000000089700000| PB 0x0000000089700000| Untracked 
|  98|0x0000000089800000, 0x0000000089900000, 0x0000000089900000|100%| O|  |TAMS 0x0000000089800000| PB 0x0000000089800000| Untracked 
|  99|0x0000000089900000, 0x0000000089a00000, 0x0000000089a00000|100%| O|  |TAMS 0x0000000089900000| PB 0x0000000089900000| Untracked 
| 100|0x0000000089a00000, 0x0000000089b00000, 0x0000000089b00000|100%| O|  |TAMS 0x0000000089a00000| PB 0x0000000089a00000| Untracked 
| 101|0x0000000089b00000, 0x0000000089c00000, 0x0000000089c00000|100%| O|  |TAMS 0x0000000089b00000| PB 0x0000000089b00000| Untracked 
| 102|0x0000000089c00000, 0x0000000089d00000, 0x0000000089d00000|100%| O|  |TAMS 0x0000000089c00000| PB 0x0000000089c00000| Untracked 
| 103|0x0000000089d00000, 0x0000000089e00000, 0x0000000089e00000|100%| O|  |TAMS 0x0000000089d00000| PB 0x0000000089d00000| Untracked 
| 104|0x0000000089e00000, 0x0000000089f00000, 0x0000000089f00000|100%| O|  |TAMS 0x0000000089e00000| PB 0x0000000089e00000| Untracked 
| 105|0x0000000089f00000, 0x000000008a000000, 0x000000008a000000|100%| O|  |TAMS 0x0000000089f00000| PB 0x0000000089f00000| Untracked 
| 106|0x000000008a000000, 0x000000008a100000, 0x000000008a100000|100%| O|  |TAMS 0x000000008a000000| PB 0x000000008a000000| Untracked 
| 107|0x000000008a100000, 0x000000008a200000, 0x000000008a200000|100%| O|  |TAMS 0x000000008a100000| PB 0x000000008a100000| Untracked 
| 108|0x000000008a200000, 0x000000008a300000, 0x000000008a300000|100%| O|  |TAMS 0x000000008a200000| PB 0x000000008a200000| Untracked 
| 109|0x000000008a300000, 0x000000008a400000, 0x000000008a400000|100%| O|  |TAMS 0x000000008a300000| PB 0x000000008a300000| Untracked 
| 110|0x000000008a400000, 0x000000008a500000, 0x000000008a500000|100%| O|  |TAMS 0x000000008a400000| PB 0x000000008a400000| Untracked 
| 111|0x000000008a500000, 0x000000008a600000, 0x000000008a600000|100%| O|  |TAMS 0x000000008a500000| PB 0x000000008a500000| Untracked 
| 112|0x000000008a600000, 0x000000008a700000, 0x000000008a700000|100%| O|  |TAMS 0x000000008a600000| PB 0x000000008a600000| Untracked 
| 113|0x000000008a700000, 0x000000008a800000, 0x000000008a800000|100%| O|  |TAMS 0x000000008a700000| PB 0x000000008a700000| Untracked 
| 114|0x000000008a800000, 0x000000008a900000, 0x000000008a900000|100%| O|  |TAMS 0x000000008a800000| PB 0x000000008a800000| Untracked 
| 115|0x000000008a900000, 0x000000008aa00000, 0x000000008aa00000|100%| O|  |TAMS 0x000000008a900000| PB 0x000000008a900000| Untracked 
| 116|0x000000008aa00000, 0x000000008ab00000, 0x000000008ab00000|100%| O|  |TAMS 0x000000008aa00000| PB 0x000000008aa00000| Untracked 
| 117|0x000000008ab00000, 0x000000008ab80000, 0x000000008ac00000| 50%| O|  |TAMS 0x000000008ab00000| PB 0x000000008ab00000| Untracked 
| 118|0x000000008ac00000, 0x000000008ac00000, 0x000000008ad00000|  0%| F|  |TAMS 0x000000008ac00000| PB 0x000000008ac00000| Untracked 
| 119|0x000000008ad00000, 0x000000008ad00000, 0x000000008ae00000|  0%| F|  |TAMS 0x000000008ad00000| PB 0x000000008ad00000| Untracked 
| 120|0x000000008ae00000, 0x000000008ae00000, 0x000000008af00000|  0%| F|  |TAMS 0x000000008ae00000| PB 0x000000008ae00000| Untracked 
| 121|0x000000008af00000, 0x000000008af00000, 0x000000008b000000|  0%| F|  |TAMS 0x000000008af00000| PB 0x000000008af00000| Untracked 
| 122|0x000000008b000000, 0x000000008b000000, 0x000000008b100000|  0%| F|  |TAMS 0x000000008b000000| PB 0x000000008b000000| Untracked 
| 123|0x000000008b100000, 0x000000008b100000, 0x000000008b200000|  0%| F|  |TAMS 0x000000008b100000| PB 0x000000008b100000| Untracked 
| 124|0x000000008b200000, 0x000000008b200000, 0x000000008b300000|  0%| F|  |TAMS 0x000000008b200000| PB 0x000000008b200000| Untracked 
| 125|0x000000008b300000, 0x000000008b300000, 0x000000008b400000|  0%| F|  |TAMS 0x000000008b300000| PB 0x000000008b300000| Untracked 
| 126|0x000000008b400000, 0x000000008b400000, 0x000000008b500000|  0%| F|  |TAMS 0x000000008b400000| PB 0x000000008b400000| Untracked 
| 127|0x000000008b500000, 0x000000008b500000, 0x000000008b600000|  0%| F|  |TAMS 0x000000008b500000| PB 0x000000008b500000| Untracked 
| 128|0x000000008b600000, 0x000000008b600000, 0x000000008b700000|  0%| F|  |TAMS 0x000000008b600000| PB 0x000000008b600000| Untracked 
| 129|0x000000008b700000, 0x000000008b700000, 0x000000008b800000|  0%| F|  |TAMS 0x000000008b700000| PB 0x000000008b700000| Untracked 
| 130|0x000000008b800000, 0x000000008b800000, 0x000000008b900000|  0%| F|  |TAMS 0x000000008b800000| PB 0x000000008b800000| Untracked 
| 131|0x000000008b900000, 0x000000008b900000, 0x000000008ba00000|  0%| F|  |TAMS 0x000000008b900000| PB 0x000000008b900000| Untracked 
| 132|0x000000008ba00000, 0x000000008ba00000, 0x000000008bb00000|  0%| F|  |TAMS 0x000000008ba00000| PB 0x000000008ba00000| Untracked 
| 133|0x000000008bb00000, 0x000000008bb00000, 0x000000008bc00000|  0%| F|  |TAMS 0x000000008bb00000| PB 0x000000008bb00000| Untracked 
| 134|0x000000008bc00000, 0x000000008bc00000, 0x000000008bd00000|  0%| F|  |TAMS 0x000000008bc00000| PB 0x000000008bc00000| Untracked 
| 135|0x000000008bd00000, 0x000000008bd00000, 0x000000008be00000|  0%| F|  |TAMS 0x000000008bd00000| PB 0x000000008bd00000| Untracked 
| 136|0x000000008be00000, 0x000000008be00000, 0x000000008bf00000|  0%| F|  |TAMS 0x000000008be00000| PB 0x000000008be00000| Untracked 
| 137|0x000000008bf00000, 0x000000008bf00000, 0x000000008c000000|  0%| F|  |TAMS 0x000000008bf00000| PB 0x000000008bf00000| Untracked 
| 138|0x000000008c000000, 0x000000008c000000, 0x000000008c100000|  0%| F|  |TAMS 0x000000008c000000| PB 0x000000008c000000| Untracked 
| 139|0x000000008c100000, 0x000000008c100000, 0x000000008c200000|  0%| F|  |TAMS 0x000000008c100000| PB 0x000000008c100000| Untracked 
| 140|0x000000008c200000, 0x000000008c200000, 0x000000008c300000|  0%| F|  |TAMS 0x000000008c200000| PB 0x000000008c200000| Untracked 
| 141|0x000000008c300000, 0x000000008c400000, 0x000000008c400000|100%| S|CS|TAMS 0x000000008c300000| PB 0x000000008c300000| Complete 
| 142|0x000000008c400000, 0x000000008c500000, 0x000000008c500000|100%| S|CS|TAMS 0x000000008c400000| PB 0x000000008c400000| Complete 
| 143|0x000000008c500000, 0x000000008c600000, 0x000000008c600000|100%| S|CS|TAMS 0x000000008c500000| PB 0x000000008c500000| Complete 
| 144|0x000000008c600000, 0x000000008c700000, 0x000000008c700000|100%| S|CS|TAMS 0x000000008c600000| PB 0x000000008c600000| Complete 
| 145|0x000000008c700000, 0x000000008c800000, 0x000000008c800000|100%| S|CS|TAMS 0x000000008c700000| PB 0x000000008c700000| Complete 
| 146|0x000000008c800000, 0x000000008c900000, 0x000000008c900000|100%| S|CS|TAMS 0x000000008c800000| PB 0x000000008c800000| Complete 
| 147|0x000000008c900000, 0x000000008ca00000, 0x000000008ca00000|100%| S|CS|TAMS 0x000000008c900000| PB 0x000000008c900000| Complete 
| 148|0x000000008ca00000, 0x000000008ca00000, 0x000000008cb00000|  0%| F|  |TAMS 0x000000008ca00000| PB 0x000000008ca00000| Untracked 
| 149|0x000000008cb00000, 0x000000008cb00000, 0x000000008cc00000|  0%| F|  |TAMS 0x000000008cb00000| PB 0x000000008cb00000| Untracked 
| 150|0x000000008cc00000, 0x000000008cc00000, 0x000000008cd00000|  0%| F|  |TAMS 0x000000008cc00000| PB 0x000000008cc00000| Untracked 
| 151|0x000000008cd00000, 0x000000008cd00000, 0x000000008ce00000|  0%| F|  |TAMS 0x000000008cd00000| PB 0x000000008cd00000| Untracked 
| 152|0x000000008ce00000, 0x000000008ce00000, 0x000000008cf00000|  0%| F|  |TAMS 0x000000008ce00000| PB 0x000000008ce00000| Untracked 
| 153|0x000000008cf00000, 0x000000008cf00000, 0x000000008d000000|  0%| F|  |TAMS 0x000000008cf00000| PB 0x000000008cf00000| Untracked 
| 154|0x000000008d000000, 0x000000008d000000, 0x000000008d100000|  0%| F|  |TAMS 0x000000008d000000| PB 0x000000008d000000| Untracked 
| 155|0x000000008d100000, 0x000000008d100000, 0x000000008d200000|  0%| F|  |TAMS 0x000000008d100000| PB 0x000000008d100000| Untracked 
| 156|0x000000008d200000, 0x000000008d200000, 0x000000008d300000|  0%| F|  |TAMS 0x000000008d200000| PB 0x000000008d200000| Untracked 
| 157|0x000000008d300000, 0x000000008d300000, 0x000000008d400000|  0%| F|  |TAMS 0x000000008d300000| PB 0x000000008d300000| Untracked 
| 158|0x000000008d400000, 0x000000008d400000, 0x000000008d500000|  0%| F|  |TAMS 0x000000008d400000| PB 0x000000008d400000| Untracked 
| 159|0x000000008d500000, 0x000000008d500000, 0x000000008d600000|  0%| F|  |TAMS 0x000000008d500000| PB 0x000000008d500000| Untracked 
| 160|0x000000008d600000, 0x000000008d600000, 0x000000008d700000|  0%| F|  |TAMS 0x000000008d600000| PB 0x000000008d600000| Untracked 
| 161|0x000000008d700000, 0x000000008d700000, 0x000000008d800000|  0%| F|  |TAMS 0x000000008d700000| PB 0x000000008d700000| Untracked 
| 162|0x000000008d800000, 0x000000008d800000, 0x000000008d900000|  0%| F|  |TAMS 0x000000008d800000| PB 0x000000008d800000| Untracked 
| 163|0x000000008d900000, 0x000000008d900000, 0x000000008da00000|  0%| F|  |TAMS 0x000000008d900000| PB 0x000000008d900000| Untracked 
| 164|0x000000008da00000, 0x000000008da00000, 0x000000008db00000|  0%| F|  |TAMS 0x000000008da00000| PB 0x000000008da00000| Untracked 
| 165|0x000000008db00000, 0x000000008db00000, 0x000000008dc00000|  0%| F|  |TAMS 0x000000008db00000| PB 0x000000008db00000| Untracked 
| 166|0x000000008dc00000, 0x000000008dc00000, 0x000000008dd00000|  0%| F|  |TAMS 0x000000008dc00000| PB 0x000000008dc00000| Untracked 
| 167|0x000000008dd00000, 0x000000008dd00000, 0x000000008de00000|  0%| F|  |TAMS 0x000000008dd00000| PB 0x000000008dd00000| Untracked 
| 168|0x000000008de00000, 0x000000008de00000, 0x000000008df00000|  0%| F|  |TAMS 0x000000008de00000| PB 0x000000008de00000| Untracked 
| 169|0x000000008df00000, 0x000000008df00000, 0x000000008e000000|  0%| F|  |TAMS 0x000000008df00000| PB 0x000000008df00000| Untracked 
| 170|0x000000008e000000, 0x000000008e000000, 0x000000008e100000|  0%| F|  |TAMS 0x000000008e000000| PB 0x000000008e000000| Untracked 
| 171|0x000000008e100000, 0x000000008e100000, 0x000000008e200000|  0%| F|  |TAMS 0x000000008e100000| PB 0x000000008e100000| Untracked 
| 172|0x000000008e200000, 0x000000008e200000, 0x000000008e300000|  0%| F|  |TAMS 0x000000008e200000| PB 0x000000008e200000| Untracked 
| 173|0x000000008e300000, 0x000000008e300000, 0x000000008e400000|  0%| F|  |TAMS 0x000000008e300000| PB 0x000000008e300000| Untracked 
| 174|0x000000008e400000, 0x000000008e400000, 0x000000008e500000|  0%| F|  |TAMS 0x000000008e400000| PB 0x000000008e400000| Untracked 
| 175|0x000000008e500000, 0x000000008e500000, 0x000000008e600000|  0%| F|  |TAMS 0x000000008e500000| PB 0x000000008e500000| Untracked 
| 176|0x000000008e600000, 0x000000008e600000, 0x000000008e700000|  0%| F|  |TAMS 0x000000008e600000| PB 0x000000008e600000| Untracked 
| 177|0x000000008e700000, 0x000000008e700000, 0x000000008e800000|  0%| F|  |TAMS 0x000000008e700000| PB 0x000000008e700000| Untracked 
| 178|0x000000008e800000, 0x000000008e800000, 0x000000008e900000|  0%| F|  |TAMS 0x000000008e800000| PB 0x000000008e800000| Untracked 
| 179|0x000000008e900000, 0x000000008e900000, 0x000000008ea00000|  0%| F|  |TAMS 0x000000008e900000| PB 0x000000008e900000| Untracked 
| 180|0x000000008ea00000, 0x000000008ea00000, 0x000000008eb00000|  0%| F|  |TAMS 0x000000008ea00000| PB 0x000000008ea00000| Untracked 
| 181|0x000000008eb00000, 0x000000008eb00000, 0x000000008ec00000|  0%| F|  |TAMS 0x000000008eb00000| PB 0x000000008eb00000| Untracked 
| 182|0x000000008ec00000, 0x000000008ec00000, 0x000000008ed00000|  0%| F|  |TAMS 0x000000008ec00000| PB 0x000000008ec00000| Untracked 
| 183|0x000000008ed00000, 0x000000008ed00000, 0x000000008ee00000|  0%| F|  |TAMS 0x000000008ed00000| PB 0x000000008ed00000| Untracked 
| 184|0x000000008ee00000, 0x000000008ee00000, 0x000000008ef00000|  0%| F|  |TAMS 0x000000008ee00000| PB 0x000000008ee00000| Untracked 
| 185|0x000000008ef00000, 0x000000008ef00000, 0x000000008f000000|  0%| F|  |TAMS 0x000000008ef00000| PB 0x000000008ef00000| Untracked 
| 186|0x000000008f000000, 0x000000008f000000, 0x000000008f100000|  0%| F|  |TAMS 0x000000008f000000| PB 0x000000008f000000| Untracked 
| 187|0x000000008f100000, 0x000000008f100000, 0x000000008f200000|  0%| F|  |TAMS 0x000000008f100000| PB 0x000000008f100000| Untracked 
| 188|0x000000008f200000, 0x000000008f200000, 0x000000008f300000|  0%| F|  |TAMS 0x000000008f200000| PB 0x000000008f200000| Untracked 
| 189|0x000000008f300000, 0x000000008f300000, 0x000000008f400000|  0%| F|  |TAMS 0x000000008f300000| PB 0x000000008f300000| Untracked 
| 190|0x000000008f400000, 0x000000008f400000, 0x000000008f500000|  0%| F|  |TAMS 0x000000008f400000| PB 0x000000008f400000| Untracked 
| 191|0x000000008f500000, 0x000000008f500000, 0x000000008f600000|  0%| F|  |TAMS 0x000000008f500000| PB 0x000000008f500000| Untracked 
| 192|0x000000008f600000, 0x000000008f600000, 0x000000008f700000|  0%| F|  |TAMS 0x000000008f600000| PB 0x000000008f600000| Untracked 
| 193|0x000000008f700000, 0x000000008f700000, 0x000000008f800000|  0%| F|  |TAMS 0x000000008f700000| PB 0x000000008f700000| Untracked 
| 194|0x000000008f800000, 0x000000008f800000, 0x000000008f900000|  0%| F|  |TAMS 0x000000008f800000| PB 0x000000008f800000| Untracked 
| 195|0x000000008f900000, 0x000000008f900000, 0x000000008fa00000|  0%| F|  |TAMS 0x000000008f900000| PB 0x000000008f900000| Untracked 
| 196|0x000000008fa00000, 0x000000008fa00000, 0x000000008fb00000|  0%| F|  |TAMS 0x000000008fa00000| PB 0x000000008fa00000| Untracked 
|1991|0x00000000ffd00000, 0x00000000ffe00000, 0x00000000ffe00000|100%| O|  |TAMS 0x00000000ffd00000| PB 0x00000000ffd00000| Untracked 
|1992|0x00000000ffe00000, 0x00000000fff00000, 0x00000000fff00000|100%| O|  |TAMS 0x00000000ffe00000| PB 0x00000000ffe00000| Untracked 
|1993|0x00000000fff00000, 0x0000000100000000, 0x0000000100000000|100%| O|  |TAMS 0x00000000fff00000| PB 0x00000000fff00000| Untracked 

Card table byte_map: [0x000001bcd4d00000,0x000001bcd50f0000] _byte_map_base: 0x000001bcd48e5000

Marking Bits: (CMBitMap*) 0x000001bcbd1c1e80
 Bits: [0x000001bcd50f0000, 0x000001bcd7018000)

Polling page: 0x000001bcbb070000

Metaspace:

Usage:
  Non-class:     50.73 MB used.
      Class:      6.36 MB used.
       Both:     57.09 MB used.

Virtual space:
  Non-class space:       64.00 MB reserved,      50.94 MB ( 80%) committed,  1 nodes.
      Class space:        1.00 GB reserved,       6.50 MB ( <1%) committed,  1 nodes.
             Both:        1.06 GB reserved,      57.44 MB (  5%) committed. 

Chunk freelists:
   Non-Class:  12.58 MB
       Class:  9.52 MB
        Both:  22.09 MB

MaxMetaspaceSize: unlimited
CompressedClassSpaceSize: 1.00 GB
Initial GC threshold: 21.00 MB
Current GC threshold: 93.56 MB
CDS: on
 - commit_granule_bytes: 65536.
 - commit_granule_words: 8192.
 - virtual_space_node_default_size: 8388608.
 - enlarge_chunks_in_place: 1.
 - use_allocation_guard: 0.


Internal statistics:

num_allocs_failed_limit: 3.
num_arena_births: 360.
num_arena_deaths: 0.
num_vsnodes_births: 2.
num_vsnodes_deaths: 0.
num_space_committed: 918.
num_space_uncommitted: 0.
num_chunks_returned_to_freelist: 3.
num_chunks_taken_from_freelist: 2384.
num_chunk_merges: 3.
num_chunk_splits: 1931.
num_chunks_enlarged: 1720.
num_inconsistent_stats: 0.

CodeHeap 'non-profiled nmethods': size=120000Kb used=5159Kb max_used=5159Kb free=114840Kb
 bounds [0x000001bccd0b0000, 0x000001bccd5c0000, 0x000001bcd45e0000]
CodeHeap 'profiled nmethods': size=120000Kb used=27614Kb max_used=27614Kb free=92385Kb
 bounds [0x000001bcc55e0000, 0x000001bcc70e0000, 0x000001bcccb10000]
CodeHeap 'non-nmethods': size=5760Kb used=1899Kb max_used=1957Kb free=3860Kb
 bounds [0x000001bcccb10000, 0x000001bcccd80000, 0x000001bccd0b0000]
 total_blobs=9302 nmethods=8589 adapters=614
 compilation: enabled
              stopped_count=0, restarted_count=0
 full_count=0

Compilation events (20 events):
Event: 18.636 Thread 0x000001bcd9bf3a60 9387       3       kotlin.sequences.SequencesKt___SequencesKt::flatMapIterable (31 bytes)
Event: 18.637 Thread 0x000001bd2b1736f0 nmethod 9390 0x000001bccd5b9a10 code [0x000001bccd5b9bc0, 0x000001bccd5b9d38]
Event: 18.638 Thread 0x000001bcd9bf3a60 nmethod 9387 0x000001bcc70c6d90 code [0x000001bcc70c7040, 0x000001bcc70c7b08]
Event: 18.638 Thread 0x000001bd2b1736f0 9391       4       org.jetbrains.kotlin.fir.types.TypeUtilsKt::captureArguments (798 bytes)
Event: 18.639 Thread 0x000001bcd9bf3a60 9389       3       org.jetbrains.kotlin.fir.resolve.calls.stages.CollectTypeVariableUsagesInfo::getTypeParameterByVariable (57 bytes)
Event: 18.640 Thread 0x000001bcd9bf3a60 nmethod 9389 0x000001bcc70c7f10 code [0x000001bcc70c8120, 0x000001bcc70c8838]
Event: 18.640 Thread 0x000001bcd9bf3a60 9393       3       org.jetbrains.kotlin.fir.resolve.calls.stages.ArgumentCheckingProcessor::preprocessLambdaArgument (20 bytes)
Event: 18.641 Thread 0x000001bcd9bf3a60 nmethod 9393 0x000001bcc70c8a10 code [0x000001bcc70c8be0, 0x000001bcc70c8df0]
Event: 18.646 Thread 0x000001bcd9bf3a60 9394       3       org.jetbrains.kotlin.fir.resolve.calls.stages.FirCallArgumentsProcessor::processExternalArgument (227 bytes)
Event: 18.652 Thread 0x000001bcd9bf3a60 nmethod 9394 0x000001bcc70c8f10 code [0x000001bcc70c9800, 0x000001bcc70ce810]
Event: 18.652 Thread 0x000001bcd9bf3a60 9396       3       org.jetbrains.kotlin.resolve.calls.inference.components.VariableFixationFinder::hasLowerNonNothingProperConstraint (161 bytes)
Event: 18.656 Thread 0x000001bcd9bf3a60 nmethod 9396 0x000001bcc70d0190 code [0x000001bcc70d0700, 0x000001bcc70d31e0]
Event: 18.656 Thread 0x000001bcd9bf3a60 9398       3       org.jetbrains.kotlin.fir.scopes.impl.FirLocalScope::processPropertiesByName (39 bytes)
Event: 18.657 Thread 0x000001bcd9bf3a60 nmethod 9398 0x000001bcc70d4010 code [0x000001bcc70d42e0, 0x000001bcc70d4fd8]
Event: 18.657 Thread 0x000001bcd9bf3a60 9401       3       org.jetbrains.kotlin.fir.UtilsKt::toFirResolvedTypeRef$default (23 bytes)
Event: 18.658 Thread 0x000001bcd9bf3a60 nmethod 9401 0x000001bcc70d5410 code [0x000001bcc70d55c0, 0x000001bcc70d5760]
Event: 18.658 Thread 0x000001bcd9bf3a60 9397       3       org.jetbrains.kotlin.resolve.calls.inference.components.ResultTypeResolver::isProperTypeForFixation (176 bytes)
Event: 18.660 Thread 0x000001bcd9bf3a60 nmethod 9397 0x000001bcc70d5810 code [0x000001bcc70d5c20, 0x000001bcc70d78f0]
Event: 18.668 Thread 0x000001bcd9bf3a60 9402       3       org.jetbrains.kotlin.fir.declarations.impl.FirValueParameterImpl::getTypeParameters (4 bytes)
Event: 18.668 Thread 0x000001bcd9bf3a60 nmethod 9402 0x000001bcc70d8210 code [0x000001bcc70d83c0, 0x000001bcc70d8530]

GC Heap History (20 events):
Event: 9.728 GC heap after
{Heap after GC invocations=15 (full 0):
 garbage-first heap   total 73728K, used 47102K [0x0000000083600000, 0x0000000100000000)
  region size 1024K, 3 young (3072K), 3 survivors (3072K)
 Metaspace       used 47362K, committed 47680K, reserved 1114112K
  class space    used 5542K, committed 5632K, reserved 1048576K
}
Event: 10.221 GC heap before
{Heap before GC invocations=15 (full 0):
 garbage-first heap   total 73728K, used 63486K [0x0000000083600000, 0x0000000100000000)
  region size 1024K, 18 young (18432K), 3 survivors (3072K)
 Metaspace       used 48764K, committed 49088K, reserved 1114112K
  class space    used 5689K, committed 5824K, reserved 1048576K
}
Event: 10.235 GC heap after
{Heap after GC invocations=16 (full 0):
 garbage-first heap   total 73728K, used 52157K [0x0000000083600000, 0x0000000100000000)
  region size 1024K, 3 young (3072K), 3 survivors (3072K)
 Metaspace       used 48764K, committed 49088K, reserved 1114112K
  class space    used 5689K, committed 5824K, reserved 1048576K
}
Event: 10.289 GC heap before
{Heap before GC invocations=16 (full 0):
 garbage-first heap   total 73728K, used 64445K [0x0000000083600000, 0x0000000100000000)
  region size 1024K, 15 young (15360K), 3 survivors (3072K)
 Metaspace       used 48778K, committed 49152K, reserved 1114112K
  class space    used 5689K, committed 5824K, reserved 1048576K
}
Event: 10.301 GC heap after
{Heap after GC invocations=17 (full 0):
 garbage-first heap   total 73728K, used 56832K [0x0000000083600000, 0x0000000100000000)
  region size 1024K, 2 young (2048K), 2 survivors (2048K)
 Metaspace       used 48778K, committed 49152K, reserved 1114112K
  class space    used 5689K, committed 5824K, reserved 1048576K
}
Event: 10.521 GC heap before
{Heap before GC invocations=18 (full 0):
 garbage-first heap   total 106496K, used 64000K [0x0000000083600000, 0x0000000100000000)
  region size 1024K, 10 young (10240K), 2 survivors (2048K)
 Metaspace       used 48880K, committed 49216K, reserved 1114112K
  class space    used 5697K, committed 5824K, reserved 1048576K
}
Event: 10.529 GC heap after
{Heap after GC invocations=19 (full 0):
 garbage-first heap   total 106496K, used 59893K [0x0000000083600000, 0x0000000100000000)
  region size 1024K, 2 young (2048K), 2 survivors (2048K)
 Metaspace       used 48880K, committed 49216K, reserved 1114112K
  class space    used 5697K, committed 5824K, reserved 1048576K
}
Event: 11.249 GC heap before
{Heap before GC invocations=19 (full 0):
 garbage-first heap   total 106496K, used 84469K [0x0000000083600000, 0x0000000100000000)
  region size 1024K, 27 young (27648K), 2 survivors (2048K)
 Metaspace       used 50959K, committed 51328K, reserved 1114112K
  class space    used 5894K, committed 6016K, reserved 1048576K
}
Event: 11.270 GC heap after
{Heap after GC invocations=20 (full 0):
 garbage-first heap   total 155648K, used 64512K [0x0000000083600000, 0x0000000100000000)
  region size 1024K, 4 young (4096K), 4 survivors (4096K)
 Metaspace       used 50959K, committed 51328K, reserved 1114112K
  class space    used 5894K, committed 6016K, reserved 1048576K
}
Event: 13.863 GC heap before
{Heap before GC invocations=20 (full 0):
 garbage-first heap   total 155648K, used 118784K [0x0000000083600000, 0x0000000100000000)
  region size 1024K, 57 young (58368K), 4 survivors (4096K)
 Metaspace       used 55686K, committed 56064K, reserved 1114112K
  class space    used 6349K, committed 6464K, reserved 1048576K
}
Event: 13.891 GC heap after
{Heap after GC invocations=21 (full 0):
 garbage-first heap   total 155648K, used 74961K [0x0000000083600000, 0x0000000100000000)
  region size 1024K, 8 young (8192K), 8 survivors (8192K)
 Metaspace       used 55686K, committed 56064K, reserved 1114112K
  class space    used 6349K, committed 6464K, reserved 1048576K
}
Event: 15.525 GC heap before
{Heap before GC invocations=21 (full 0):
 garbage-first heap   total 155648K, used 121041K [0x0000000083600000, 0x0000000100000000)
  region size 1024K, 53 young (54272K), 8 survivors (8192K)
 Metaspace       used 56866K, committed 57216K, reserved 1114112K
  class space    used 6423K, committed 6528K, reserved 1048576K
}
Event: 15.559 GC heap after
{Heap after GC invocations=22 (full 0):
 garbage-first heap   total 155648K, used 83294K [0x0000000083600000, 0x0000000100000000)
  region size 1024K, 7 young (7168K), 7 survivors (7168K)
 Metaspace       used 56866K, committed 57216K, reserved 1114112K
  class space    used 6423K, committed 6528K, reserved 1048576K
}
Event: 15.933 GC heap before
{Heap before GC invocations=22 (full 0):
 garbage-first heap   total 155648K, used 127326K [0x0000000083600000, 0x0000000100000000)
  region size 1024K, 50 young (51200K), 7 survivors (7168K)
 Metaspace       used 57081K, committed 57472K, reserved 1114112K
  class space    used 6436K, committed 6592K, reserved 1048576K
}
Event: 15.951 GC heap after
{Heap after GC invocations=23 (full 0):
 garbage-first heap   total 155648K, used 95232K [0x0000000083600000, 0x0000000100000000)
  region size 1024K, 7 young (7168K), 7 survivors (7168K)
 Metaspace       used 57081K, committed 57472K, reserved 1114112K
  class space    used 6436K, committed 6592K, reserved 1048576K
}
Event: 16.154 GC heap before
{Heap before GC invocations=24 (full 0):
 garbage-first heap   total 204800K, used 132096K [0x0000000083600000, 0x0000000100000000)
  region size 1024K, 43 young (44032K), 7 survivors (7168K)
 Metaspace       used 57081K, committed 57472K, reserved 1114112K
  class space    used 6436K, committed 6592K, reserved 1048576K
}
Event: 16.167 GC heap after
{Heap after GC invocations=25 (full 0):
 garbage-first heap   total 204800K, used 107008K [0x0000000083600000, 0x0000000100000000)
  region size 1024K, 6 young (6144K), 6 survivors (6144K)
 Metaspace       used 57081K, committed 57472K, reserved 1114112K
  class space    used 6436K, committed 6592K, reserved 1048576K
}
Event: 17.194 GC heap before
{Heap before GC invocations=25 (full 0):
 garbage-first heap   total 204800K, used 166400K [0x0000000083600000, 0x0000000100000000)
  region size 1024K, 64 young (65536K), 6 survivors (6144K)
 Metaspace       used 57724K, committed 58048K, reserved 1114112K
  class space    used 6490K, committed 6592K, reserved 1048576K
}
Event: 17.212 GC heap after
{Heap after GC invocations=26 (full 0):
 garbage-first heap   total 204800K, used 121856K [0x0000000083600000, 0x0000000100000000)
  region size 1024K, 8 young (8192K), 8 survivors (8192K)
 Metaspace       used 57724K, committed 58048K, reserved 1114112K
  class space    used 6490K, committed 6592K, reserved 1048576K
}
Event: 18.669 GC heap before
{Heap before GC invocations=26 (full 0):
 garbage-first heap   total 204800K, used 172032K [0x0000000083600000, 0x0000000100000000)
  region size 1024K, 57 young (58368K), 8 survivors (8192K)
 Metaspace       used 58463K, committed 58816K, reserved 1114112K
  class space    used 6513K, committed 6656K, reserved 1048576K
}

Dll operation events (9 events):
Event: 0.021 Loaded shared library C:\Program Files\Java\jdk-21\bin\java.dll
Event: 0.078 Loaded shared library C:\Program Files\Java\jdk-21\bin\jsvml.dll
Event: 0.135 Loaded shared library C:\Program Files\Java\jdk-21\bin\net.dll
Event: 0.140 Loaded shared library C:\Program Files\Java\jdk-21\bin\nio.dll
Event: 0.185 Loaded shared library C:\Program Files\Java\jdk-21\bin\zip.dll
Event: 0.245 Loaded shared library C:\Program Files\Java\jdk-21\bin\jimage.dll
Event: 1.353 Loaded shared library C:\Program Files\Java\jdk-21\bin\management.dll
Event: 1.359 Loaded shared library C:\Program Files\Java\jdk-21\bin\management_ext.dll
Event: 3.558 Loaded shared library C:\Program Files\Java\jdk-21\bin\verify.dll

Deoptimization events (20 events):
Event: 17.669 Thread 0x000001bcbae69480 DEOPT PACKING pc=0x000001bccd546af8 sp=0x0000009d13ef9b50
Event: 17.669 Thread 0x000001bcbae69480 DEOPT UNPACKING pc=0x000001bcccb67da2 sp=0x0000009d13ef9ae8 mode 2
Event: 17.674 Thread 0x000001bcbae69480 DEOPT PACKING pc=0x000001bcc6d95b64 sp=0x0000009d13ef8050
Event: 17.674 Thread 0x000001bcbae69480 DEOPT UNPACKING pc=0x000001bcccb688e2 sp=0x0000009d13ef74b8 mode 0
Event: 17.763 Thread 0x000001bcbae69480 Uncommon trap: trap_request=0xffffffde fr.pc=0x000001bccd562608 relative=0x00000000000002c8
Event: 17.763 Thread 0x000001bcbae69480 Uncommon trap: reason=class_check action=maybe_recompile pc=0x000001bccd562608 method=java.util.EnumMap.putAll(Ljava/util/Map;)V @ 1 c2
Event: 17.763 Thread 0x000001bcbae69480 DEOPT PACKING pc=0x000001bccd562608 sp=0x0000009d13ef4f20
Event: 17.763 Thread 0x000001bcbae69480 DEOPT UNPACKING pc=0x000001bcccb67da2 sp=0x0000009d13ef4ed8 mode 2
Event: 17.765 Thread 0x000001bcbae69480 Uncommon trap: trap_request=0xffffffde fr.pc=0x000001bccd562608 relative=0x00000000000002c8
Event: 17.765 Thread 0x000001bcbae69480 Uncommon trap: reason=class_check action=maybe_recompile pc=0x000001bccd562608 method=java.util.EnumMap.putAll(Ljava/util/Map;)V @ 1 c2
Event: 17.765 Thread 0x000001bcbae69480 DEOPT PACKING pc=0x000001bccd562608 sp=0x0000009d13ef4f20
Event: 17.765 Thread 0x000001bcbae69480 DEOPT UNPACKING pc=0x000001bcccb67da2 sp=0x0000009d13ef4ed8 mode 2
Event: 17.784 Thread 0x000001bcbae69480 Uncommon trap: trap_request=0xffffff45 fr.pc=0x000001bccd45562c relative=0x00000000000001cc
Event: 17.784 Thread 0x000001bcbae69480 Uncommon trap: reason=unstable_if action=reinterpret pc=0x000001bccd45562c method=org.jetbrains.kotlin.fir.types.ConeTypeUtilsKt.getConstructor(Lorg/jetbrains/kotlin/fir/types/ConeRigidType;)Lorg/jetbrains/kotlin/types/model/TypeConstructorMarker; @ 32 c2
Event: 17.784 Thread 0x000001bcbae69480 DEOPT PACKING pc=0x000001bccd45562c sp=0x0000009d13ef3730
Event: 17.784 Thread 0x000001bcbae69480 DEOPT UNPACKING pc=0x000001bcccb67da2 sp=0x0000009d13ef35e8 mode 2
Event: 17.784 Thread 0x000001bcbae69480 Uncommon trap: trap_request=0xffffff45 fr.pc=0x000001bccd52d8c0 relative=0x00000000000002a0
Event: 17.784 Thread 0x000001bcbae69480 Uncommon trap: reason=unstable_if action=reinterpret pc=0x000001bccd52d8c0 method=org.jetbrains.kotlin.fir.types.ConeInferenceContext.containsInternal(Lorg/jetbrains/kotlin/types/model/KotlinTypeMarker;Lkotlin/jvm/functions/Function1;)Z @ 225 c2
Event: 17.784 Thread 0x000001bcbae69480 DEOPT PACKING pc=0x000001bccd52d8c0 sp=0x0000009d13ef3040
Event: 17.784 Thread 0x000001bcbae69480 DEOPT UNPACKING pc=0x000001bcccb67da2 sp=0x0000009d13ef2fb0 mode 2

Classes loaded (20 events):
Event: 10.111 Loading class java/text/StringCharacterIterator
Event: 10.111 Loading class java/text/CharacterIterator
Event: 10.112 Loading class java/text/CharacterIterator done
Event: 10.112 Loading class java/text/StringCharacterIterator done
Event: 10.461 Loading class java/util/AbstractList$ListItr
Event: 10.462 Loading class java/util/AbstractList$ListItr done
Event: 11.180 Loading class java/util/RegularEnumSet$EnumSetIterator
Event: 11.180 Loading class java/util/RegularEnumSet$EnumSetIterator done
Event: 11.544 Loading class java/util/AbstractList$RandomAccessSubList
Event: 11.544 Loading class java/util/AbstractList$RandomAccessSubList done
Event: 16.556 Loading class java/lang/Byte$ByteCache
Event: 16.556 Loading class java/lang/Byte$ByteCache done
Event: 17.763 Loading class java/util/EnumMap$EntrySet
Event: 17.764 Loading class java/util/EnumMap$EntrySet done
Event: 17.764 Loading class java/util/EnumMap$EntryIterator
Event: 17.764 Loading class java/util/EnumMap$EnumMapIterator
Event: 17.764 Loading class java/util/EnumMap$EnumMapIterator done
Event: 17.764 Loading class java/util/EnumMap$EntryIterator done
Event: 17.765 Loading class java/util/EnumMap$EntryIterator$Entry
Event: 17.765 Loading class java/util/EnumMap$EntryIterator$Entry done

Classes unloaded (0 events):
No events

Classes redefined (0 events):
No events

Internal exceptions (20 events):
Event: 7.907 Thread 0x000001bcbae69480 Exception <a 'java/lang/NoSuchMethodError'{0x0000000089d53800}: 'java.lang.Object java.lang.invoke.DirectMethodHandle$Holder.invokeSpecial(java.lang.Object, java.lang.Object, java.lang.Object, java.lang.Object, int)'> (0x0000000089d53800) 
thrown [s\open\src\hotspot\share\interpreter\linkResolver.cpp, line 773]
Event: 7.908 Thread 0x000001bcbae69480 Exception <a 'java/lang/NoSuchMethodError'{0x0000000089d56c98}: 'java.lang.Object java.lang.invoke.Invokers$Holder.linkToTargetMethod(java.lang.Object, java.lang.Object, int, java.lang.Object)'> (0x0000000089d56c98) 
thrown [s\open\src\hotspot\share\interpreter\linkResolver.cpp, line 773]
Event: 9.012 Thread 0x000001bcbae69480 Exception <a 'java/lang/NoSuchMethodError'{0x0000000086772440}: 'java.lang.Object java.lang.invoke.DirectMethodHandle$Holder.newInvokeSpecial(java.lang.Object, java.lang.Object, java.lang.Object, int, java.lang.Object)'> (0x0000000086772440) 
thrown [s\open\src\hotspot\share\interpreter\linkResolver.cpp, line 773]
Event: 9.014 Thread 0x000001bcbae69480 Exception <a 'java/lang/NoSuchMethodError'{0x0000000086779e78}: 'java.lang.Object java.lang.invoke.Invokers$Holder.linkToTargetMethod(java.lang.Object, java.lang.Object, int, java.lang.Object, java.lang.Object)'> (0x0000000086779e78) 
thrown [s\open\src\hotspot\share\interpreter\linkResolver.cpp, line 773]
Event: 9.041 Thread 0x000001bcbae69480 Exception <a 'java/lang/NoSuchMethodError'{0x00000000867f58d8}: 'java.lang.Object java.lang.invoke.DirectMethodHandle$Holder.newInvokeSpecial(java.lang.Object, java.lang.Object, java.lang.Object, java.lang.Object, int)'> (0x00000000867f58d8) 
thrown [s\open\src\hotspot\share\interpreter\linkResolver.cpp, line 773]
Event: 9.042 Thread 0x000001bcbae69480 Exception <a 'java/lang/NoSuchMethodError'{0x00000000867f9ef0}: 'java.lang.Object java.lang.invoke.DirectMethodHandle$Holder.invokeSpecial(java.lang.Object, java.lang.Object, java.lang.Object, java.lang.Object, java.lang.Object, int)'> (0x00000000867f9ef0) 
thrown [s\open\src\hotspot\share\interpreter\linkResolver.cpp, line 773]
Event: 9.043 Thread 0x000001bcbae69480 Exception <a 'java/lang/NoSuchMethodError'{0x00000000867fded0}: 'java.lang.Object java.lang.invoke.Invokers$Holder.linkToTargetMethod(java.lang.Object, java.lang.Object, java.lang.Object, int, java.lang.Object)'> (0x00000000867fded0) 
thrown [s\open\src\hotspot\share\interpreter\linkResolver.cpp, line 773]
Event: 9.331 Thread 0x000001bcbae69480 Implicit null exception at 0x000001bccd131c25 to 0x000001bccd131e78
Event: 11.303 Thread 0x000001bcbae69480 Exception <a 'java/lang/NoSuchMethodError'{0x000000008c931498}: 'java.lang.Object java.lang.invoke.DirectMethodHandle$Holder.newInvokeSpecial(java.lang.Object, java.lang.Object, java.lang.Object, java.lang.Object, int, java.lang.Object, java.lang.Object)'> (0x000000008c931498) 
thrown [s\open\src\hotspot\share\interpreter\linkResolver.cpp, line 773]
Event: 11.304 Thread 0x000001bcbae69480 Exception <a 'java/lang/NoSuchMethodError'{0x000000008c9392d8}: 'java.lang.Object java.lang.invoke.Invokers$Holder.linkToTargetMethod(java.lang.Object, java.lang.Object, java.lang.Object, int, java.lang.Object, java.lang.Object, java.lang.Object)'> (0x000000008c9392d8) 
thrown [s\open\src\hotspot\share\interpreter\linkResolver.cpp, line 773]
Event: 11.691 Thread 0x000001bcbae69480 Exception <a 'java/lang/NoSuchMethodError'{0x000000008b605c10}: 'java.lang.Object java.lang.invoke.DirectMethodHandle$Holder.newInvokeSpecial(java.lang.Object, int, java.lang.Object)'> (0x000000008b605c10) 
thrown [s\open\src\hotspot\share\interpreter\linkResolver.cpp, line 773]
Event: 12.101 Thread 0x000001bcbae69480 Exception <a 'java/lang/NoSuchMethodError'{0x000000008ae8d748}: 'java.lang.Object java.lang.invoke.DirectMethodHandle$Holder.invokeSpecial(java.lang.Object, java.lang.Object, int, java.lang.Object, java.lang.Object)'> (0x000000008ae8d748) 
thrown [s\open\src\hotspot\share\interpreter\linkResolver.cpp, line 773]
Event: 12.140 Thread 0x000001bcbae69480 Exception <a 'java/lang/NoSuchMethodError'{0x000000008aefccb8}: 'java.lang.Object java.lang.invoke.DirectMethodHandle$Holder.newInvokeSpecial(java.lang.Object, int, java.lang.Object, java.lang.Object, java.lang.Object)'> (0x000000008aefccb8) 
thrown [s\open\src\hotspot\share\interpreter\linkResolver.cpp, line 773]
Event: 12.141 Thread 0x000001bcbae69480 Exception <a 'java/lang/NoSuchMethodError'{0x000000008ad04850}: 'java.lang.Object java.lang.invoke.Invokers$Holder.linkToTargetMethod(int, java.lang.Object, java.lang.Object, java.lang.Object, java.lang.Object)'> (0x000000008ad04850) 
thrown [s\open\src\hotspot\share\interpreter\linkResolver.cpp, line 773]
Event: 13.325 Thread 0x000001bcbae69480 Exception <a 'java/lang/NoSuchMethodError'{0x000000008a271a88}: 'java.lang.Object java.lang.invoke.DirectMethodHandle$Holder.invokeStatic(java.lang.Object, java.lang.Object, java.lang.Object, int, java.lang.Object, java.lang.Object)'> (0x000000008a271a88) 
thrown [s\open\src\hotspot\share\interpreter\linkResolver.cpp, line 773]
Event: 14.408 Thread 0x000001bcbae69480 Exception <a 'java/lang/NoSuchMethodError'{0x000000008c265ef0}: 'java.lang.Object java.lang.invoke.DirectMethodHandle$Holder.invokeStatic(java.lang.Object, int, java.lang.Object, java.lang.Object)'> (0x000000008c265ef0) 
thrown [s\open\src\hotspot\share\interpreter\linkResolver.cpp, line 773]
Event: 15.164 Thread 0x000001bcbae69480 Exception <a 'java/lang/NoSuchMethodError'{0x000000008a379b78}: 'java.lang.Object java.lang.invoke.DirectMethodHandle$Holder.newInvokeSpecial(java.lang.Object, java.lang.Object, java.lang.Object, java.lang.Object, java.lang.Object, int)'> (0x000000008a379b78) 
thrown [s\open\src\hotspot\share\interpreter\linkResolver.cpp, line 773]
Event: 15.165 Thread 0x000001bcbae69480 Exception <a 'java/lang/NoSuchMethodError'{0x000000008a37ed80}: 'java.lang.Object java.lang.invoke.DirectMethodHandle$Holder.invokeSpecial(java.lang.Object, java.lang.Object, java.lang.Object, java.lang.Object, java.lang.Object, java.lang.Object, int)'> (0x000000008a37ed80) 
thrown [s\open\src\hotspot\share\interpreter\linkResolver.cpp, line 773]
Event: 15.166 Thread 0x000001bcbae69480 Exception <a 'java/lang/NoSuchMethodError'{0x000000008a383c70}: 'java.lang.Object java.lang.invoke.Invokers$Holder.linkToTargetMethod(java.lang.Object, java.lang.Object, java.lang.Object, java.lang.Object, int, java.lang.Object)'> (0x000000008a383c70) 
thrown [s\open\src\hotspot\share\interpreter\linkResolver.cpp, line 773]
Event: 16.535 Thread 0x000001bcbae69480 Exception <a 'java/lang/NoSuchMethodError'{0x000000008d036410}: 'java.lang.Object java.lang.invoke.DirectMethodHandle$Holder.invokeStatic(java.lang.Object, int, java.lang.Object)'> (0x000000008d036410) 
thrown [s\open\src\hotspot\share\interpreter\linkResolver.cpp, line 773]

ZGC Phase Switch (0 events):
No events

VM Operations (20 events):
Event: 16.168 Executing VM operation: G1CollectForAllocation (G1 Evacuation Pause) done
Event: 16.609 Executing VM operation: ICBufferFull
Event: 16.609 Executing VM operation: ICBufferFull done
Event: 16.657 Executing VM operation: HandshakeAllThreads (Deoptimize)
Event: 16.657 Executing VM operation: HandshakeAllThreads (Deoptimize) done
Event: 16.939 Executing VM operation: ICBufferFull
Event: 16.939 Executing VM operation: ICBufferFull done
Event: 17.194 Executing VM operation: G1CollectForAllocation (G1 Evacuation Pause)
Event: 17.212 Executing VM operation: G1CollectForAllocation (G1 Evacuation Pause) done
Event: 17.539 Executing VM operation: ICBufferFull
Event: 17.539 Executing VM operation: ICBufferFull done
Event: 17.740 Executing VM operation: ICBufferFull
Event: 17.741 Executing VM operation: ICBufferFull done
Event: 17.800 Executing VM operation: HandshakeAllThreads (Deoptimize)
Event: 17.800 Executing VM operation: HandshakeAllThreads (Deoptimize) done
Event: 17.992 Executing VM operation: ICBufferFull
Event: 17.993 Executing VM operation: ICBufferFull done
Event: 18.526 Executing VM operation: ICBufferFull
Event: 18.526 Executing VM operation: ICBufferFull done
Event: 18.669 Executing VM operation: G1CollectForAllocation (G1 Evacuation Pause)

Events (20 events):
Event: 16.093 Thread 0x000001bcd963be20 flushing nmethod 0x000001bcc5a4bb90
Event: 16.093 Thread 0x000001bcd963be20 flushing nmethod 0x000001bcc5a52d90
Event: 16.093 Thread 0x000001bcd963be20 flushing nmethod 0x000001bcc5a53510
Event: 16.093 Thread 0x000001bcd963be20 flushing nmethod 0x000001bcc5a53890
Event: 16.093 Thread 0x000001bcd963be20 flushing nmethod 0x000001bcc5a53d90
Event: 16.093 Thread 0x000001bcd963be20 flushing nmethod 0x000001bcc5a56290
Event: 16.093 Thread 0x000001bcd963be20 flushing nmethod 0x000001bcc5a56790
Event: 16.093 Thread 0x000001bcd963be20 flushing nmethod 0x000001bcc5aef810
Event: 16.093 Thread 0x000001bcd963be20 flushing nmethod 0x000001bcc5b07990
Event: 16.093 Thread 0x000001bcd963be20 flushing nmethod 0x000001bcc5b17c90
Event: 16.093 Thread 0x000001bcd963be20 flushing nmethod 0x000001bcc5b3f190
Event: 16.093 Thread 0x000001bcd963be20 flushing nmethod 0x000001bcc5b41490
Event: 16.093 Thread 0x000001bcd963be20 flushing nmethod 0x000001bcc5b41810
Event: 16.093 Thread 0x000001bcd963be20 flushing nmethod 0x000001bcc5b95410
Event: 16.093 Thread 0x000001bcd963be20 flushing nmethod 0x000001bcc5b99e10
Event: 16.093 Thread 0x000001bcd963be20 flushing nmethod 0x000001bcc5bec210
Event: 16.093 Thread 0x000001bcd963be20 flushing nmethod 0x000001bcc5cef510
Event: 16.093 Thread 0x000001bcd963be20 flushing nmethod 0x000001bcc5cf5210
Event: 16.093 Thread 0x000001bcd963be20 flushing nmethod 0x000001bcc5e19310
Event: 16.250 Thread 0x000001bd2b7f9020 Thread added: 0x000001bd2b7f9020


Dynamic libraries:
0x00007ff716c10000 - 0x00007ff716c20000 	C:\Program Files\Java\jdk-21\bin\java.exe
0x00007ff906f20000 - 0x00007ff907188000 	C:\WINDOWS\SYSTEM32\ntdll.dll
0x00007ff905e10000 - 0x00007ff905ed9000 	C:\WINDOWS\System32\KERNEL32.DLL
0x00007ff9048f0000 - 0x00007ff904ce2000 	C:\WINDOWS\System32\KERNELBASE.dll
0x00007ff904410000 - 0x00007ff90455b000 	C:\WINDOWS\System32\ucrtbase.dll
0x00007ff8f1d10000 - 0x00007ff8f1d29000 	C:\Program Files\Java\jdk-21\bin\jli.dll
0x00007ff906d90000 - 0x00007ff906e44000 	C:\WINDOWS\System32\ADVAPI32.dll
0x00007ff8f1d70000 - 0x00007ff8f1d8b000 	C:\Program Files\Java\jdk-21\bin\VCRUNTIME140.dll
0x00007ff905c10000 - 0x00007ff905cb9000 	C:\WINDOWS\System32\msvcrt.dll
0x00007ff905990000 - 0x00007ff905a36000 	C:\WINDOWS\System32\sechost.dll
0x00007ff904e90000 - 0x00007ff904fa8000 	C:\WINDOWS\System32\RPCRT4.dll
0x00007ff905a40000 - 0x00007ff905c05000 	C:\WINDOWS\System32\USER32.dll
0x00007ff904790000 - 0x00007ff9047b7000 	C:\WINDOWS\System32\win32u.dll
0x00007ff9066f0000 - 0x00007ff90671b000 	C:\WINDOWS\System32\GDI32.dll
0x00007ff904160000 - 0x00007ff90428d000 	C:\WINDOWS\System32\gdi32full.dll
0x00007ff9040b0000 - 0x00007ff904153000 	C:\WINDOWS\System32\msvcp_win.dll
0x00007ff8ed340000 - 0x00007ff8ed5d3000 	C:\WINDOWS\WinSxS\amd64_microsoft.windows.common-controls_6595b64144ccf1df_6.0.26100.6899_none_3e0efeeae32e88c1\COMCTL32.dll
0x00007ff903ba0000 - 0x00007ff903bab000 	C:\WINDOWS\SYSTEM32\VERSION.dll
0x00007ff906d50000 - 0x00007ff906d7f000 	C:\WINDOWS\System32\IMM32.DLL
0x0000000054290000 - 0x000000005429c000 	C:\Program Files (x86)\360\Total Security\safemon\SafeWrapper.dll
0x00007ff8a0cb0000 - 0x00007ff8a0d5c000 	C:\Program Files (x86)\360\Total Security\safemon\libzdtp64.dll
0x00007ff905ee0000 - 0x00007ff90662d000 	C:\WINDOWS\System32\SHELL32.dll
0x00007ff904620000 - 0x00007ff90478b000 	C:\WINDOWS\System32\wintypes.dll
0x00007ff906900000 - 0x00007ff906c7b000 	C:\WINDOWS\System32\combase.dll
0x00007ff906e50000 - 0x00007ff906eb2000 	C:\WINDOWS\System32\SHLWAPI.dll
0x00007ff8f0c40000 - 0x00007ff8f0c4c000 	C:\Program Files\Java\jdk-21\bin\vcruntime140_1.dll
0x00007ff8d0030000 - 0x00007ff8d00be000 	C:\Program Files\Java\jdk-21\bin\msvcp140.dll
0x00007ff8b8690000 - 0x00007ff8b93ad000 	C:\Program Files\Java\jdk-21\bin\server\jvm.dll
0x00007ff905900000 - 0x00007ff905974000 	C:\WINDOWS\System32\WS2_32.dll
0x00007ff903f10000 - 0x00007ff903f6e000 	C:\WINDOWS\SYSTEM32\POWRPROF.dll
0x00007ff8edf00000 - 0x00007ff8edf35000 	C:\WINDOWS\SYSTEM32\WINMM.dll
0x00007ff903ef0000 - 0x00007ff903f04000 	C:\WINDOWS\SYSTEM32\UMPDC.dll
0x00007ff902e10000 - 0x00007ff902e2b000 	C:\WINDOWS\SYSTEM32\kernel.appcore.dll
0x00007ff8f0c30000 - 0x00007ff8f0c3a000 	C:\Program Files\Java\jdk-21\bin\jimage.dll
0x00007ff901920000 - 0x00007ff901b62000 	C:\WINDOWS\SYSTEM32\DBGHELP.DLL
0x00007ff905810000 - 0x00007ff9058e7000 	C:\WINDOWS\System32\OLEAUT32.dll
0x00007ff8e91d0000 - 0x00007ff8e920c000 	C:\WINDOWS\SYSTEM32\dbgcore.DLL
0x00007ff9047c0000 - 0x00007ff904858000 	C:\WINDOWS\System32\bcryptPrimitives.dll
0x00007ff8e8210000 - 0x00007ff8e822f000 	C:\Program Files\Java\jdk-21\bin\java.dll
0x00007ff901c70000 - 0x00007ff9024cd000 	C:\WINDOWS\SYSTEM32\windows.storage.dll
0x00007ff905d10000 - 0x00007ff905e02000 	C:\WINDOWS\System32\SHCORE.dll
0x00007ff903fd0000 - 0x00007ff903ff9000 	C:\WINDOWS\SYSTEM32\profapi.dll
0x00007ff8b8380000 - 0x00007ff8b8457000 	C:\Program Files\Java\jdk-21\bin\jsvml.dll
0x00007ff8f0c10000 - 0x00007ff8f0c20000 	C:\Program Files\Java\jdk-21\bin\net.dll
0x00007ff8f5480000 - 0x00007ff8f559f000 	C:\WINDOWS\SYSTEM32\WINHTTP.dll
0x00007ff903380000 - 0x00007ff9033eb000 	C:\WINDOWS\system32\mswsock.dll
0x00007ff8b8640000 - 0x00007ff8b8656000 	C:\Program Files\Java\jdk-21\bin\nio.dll
0x00007ff8d3670000 - 0x00007ff8d3688000 	C:\Program Files\Java\jdk-21\bin\zip.dll
0x00007ff8e8200000 - 0x00007ff8e820a000 	C:\Program Files\Java\jdk-21\bin\management.dll
0x00007ff8e81f0000 - 0x00007ff8e81fb000 	C:\Program Files\Java\jdk-21\bin\management_ext.dll
0x00007ff906c80000 - 0x00007ff906c88000 	C:\WINDOWS\System32\PSAPI.DLL
0x00007ff8ee9f0000 - 0x00007ff8eea00000 	C:\Program Files\Java\jdk-21\bin\verify.dll

dbghelp: loaded successfully - version: 4.0.5 - missing functions: none
symbol engine: initialized successfully - sym options: 0x614 - pdb path: .;C:\Program Files\Java\jdk-21\bin;C:\WINDOWS\SYSTEM32;C:\WINDOWS\WinSxS\amd64_microsoft.windows.common-controls_6595b64144ccf1df_6.0.26100.6899_none_3e0efeeae32e88c1;C:\Program Files (x86)\360\Total Security\safemon;C:\Program Files\Java\jdk-21\bin\server

VM Arguments:
java_command: org.jetbrains.kotlin.cli.jvm.K2JVMCompiler @C:\Users\luiza\Downloads\imobly-front-end\composeApp\build\20251104_941312765649612068.compiler.options
java_class_path (initial): C:\Users\luiza\.gradle\caches\modules-2\files-2.1\org.jetbrains.kotlin\kotlin-compiler-embeddable\2.2.20\bb8331b7585e36ea311825b01a1c06860c055fd1\kotlin-compiler-embeddable-2.2.20.jar;C:\Users\luiza\.gradle\caches\modules-2\files-2.1\org.jetbrains.kotlin\kotlin-stdlib\2.2.20\5380b19fa1924399b62ce3a1faffebb2b4f82272\kotlin-stdlib-2.2.20.jar;C:\Users\luiza\.gradle\caches\modules-2\files-2.1\org.jetbrains.kotlin\kotlin-script-runtime\2.2.20\4c679cbeac0bb583b75c3a080013da8eaf240807\kotlin-script-runtime-2.2.20.jar;C:\Users\luiza\.gradle\caches\modules-2\files-2.1\org.jetbrains.kotlin\kotlin-reflect\1.6.10\1cbe9c92c12a94eea200d23c2bbaedaf3daf5132\kotlin-reflect-1.6.10.jar;C:\Users\luiza\.gradle\caches\modules-2\files-2.1\org.jetbrains.kotlin\kotlin-daemon-embeddable\2.2.20\feff12d48d7f1eb628742b0a721395e16f8755bf\kotlin-daemon-embeddable-2.2.20.jar;C:\Users\luiza\.gradle\caches\modules-2\files-2.1\org.jetbrains.kotlinx\kotlinx-coroutines-core-jvm\1.8.0\ac1dc37a30a93150b704022f8d895ee1bd3a36b3\kotlinx-coroutines-core-jvm-1.8.0.jar;C:\Users\luiza\.gradle\caches\modules-2\files-2.1\org.jetbrains\annotations\13.0\919f0dfe192fb4e063e7dacadee7f8bb9a2672a9\annotations-13.0.jar
Launcher Type: SUN_STANDARD

[Global flags]
     intx CICompilerCount                          = 4                                         {product} {ergonomic}
     uint ConcGCThreads                            = 2                                         {product} {ergonomic}
     uint G1ConcRefinementThreads                  = 8                                         {product} {ergonomic}
   size_t G1HeapRegionSize                         = 1048576                                   {product} {ergonomic}
    uintx GCDrainStackTargetSize                   = 64                                        {product} {ergonomic}
   size_t InitialHeapSize                          = 132120576                                 {product} {ergonomic}
   size_t MarkStackSize                            = 4194304                                   {product} {ergonomic}
   size_t MaxHeapSize                              = 2090860544                                {product} {ergonomic}
   size_t MaxNewSize                               = 1254096896                                {product} {ergonomic}
   size_t MinHeapDeltaBytes                        = 1048576                                   {product} {ergonomic}
   size_t MinHeapSize                              = 8388608                                   {product} {ergonomic}
    uintx NonNMethodCodeHeapSize                   = 5839372                                {pd product} {ergonomic}
    uintx NonProfiledCodeHeapSize                  = 122909434                              {pd product} {ergonomic}
    uintx ProfiledCodeHeapSize                     = 122909434                              {pd product} {ergonomic}
    uintx ReservedCodeCacheSize                    = 251658240                              {pd product} {ergonomic}
     bool SegmentedCodeCache                       = true                                      {product} {ergonomic}
   size_t SoftMaxHeapSize                          = 2090860544                             {manageable} {ergonomic}
     bool UseCompressedOops                        = true                           {product lp64_product} {ergonomic}
     bool UseG1GC                                  = true                                      {product} {ergonomic}
     bool UseLargePagesIndividualAllocation        = false                                  {pd product} {ergonomic}

Logging:
Log output configuration:
 #0: stdout all=warning uptime,level,tags foldmultilines=false
 #1: stderr all=off uptime,level,tags foldmultilines=false

Environment Variables:
JAVA_HOME=C:\Program Files\Java\jdk-21
PATH=C:\Program Files\Common Files\Oracle\Java\javapath;C:\Python313\Scripts\;C:\Python313\;C:\WINDOWS\system32;C:\WINDOWS;C:\WINDOWS\System32\Wbem;C:\WINDOWS\System32\WindowsPowerShell\v1.0\;C:\WINDOWS\System32\OpenSSH\;C:\MinGW\bin;C:\Program Files\Azure Data Studio\bin;C:\Program Files (x86)\Java\jre-1.8\bin\javaw.exe;C:\php;C:\ProgramData\chocolatey\bin;C:\Program Files\MongoDB\mongosh-2.1.5-win32-x64\bin;C:\Program Files\Java\jdk-22\bin;C:\Program Files\apache-cassandra-4.0.12-bin\apache-cassandra-4.0.12\bin;C:\Program Files\Git\cmd;C:\android\cmdline-tools\latest\bin;C:\Users\luiza\AppData\Local\Android\Sdk;C:\Program Files\Docker\Docker\resources\bin;C:\Users\luiza\AppData\Local\Programs\Python\Launcher\;C:\Users\luiza\AppData\Local\Microsoft\WindowsApps;C:\Users\luiza\AppData\Local\Programs\Microsoft VS Code\bin;C:\MinGW\bin;C:\msys64\mingw64\bin;C:\Program Files\Azure Data Studio\bin;C:\Users\luiza\AppData\Local\GitHubDesktop\bin;C:\php;C:\Users\luiza\AppData\Local\Programs\mongosh\;C:\Program Files\MySQL\MySQL Server 8.0\bin;
USERNAME=luiza
OS=Windows_NT
PROCESSOR_IDENTIFIER=Intel64 Family 6 Model 140 Stepping 1, GenuineIntel
TMP=C:\Users\luiza\AppData\Local\Temp
TEMP=C:\Users\luiza\AppData\Local\Temp




Periodic native trim disabled

---------------  S Y S T E M  ---------------

OS:
 Windows 11 , 64 bit Build 26100 (10.0.26100.6725)
OS uptime: 5 days 7:43 hours
Hyper-V role detected

CPU: total 8 (initial active 8) (4 cores per cpu, 2 threads per core) family 6 model 140 stepping 1 microcode 0x8a, cx8, cmov, fxsr, ht, mmx, 3dnowpref, sse, sse2, sse3, ssse3, sse4.1, sse4.2, popcnt, lzcnt, tsc, tscinvbit, avx, avx2, aes, erms, clmul, bmi1, bmi2, adx, avx512f, avx512dq, avx512cd, avx512bw, avx512vl, sha, fma, vzeroupper, avx512_vpopcntdq, avx512_vpclmulqdq, avx512_vaes, avx512_vnni, clflush, clflushopt, clwb, avx512_vbmi2, avx512_vbmi, hv, rdtscp, rdpid, fsrm, gfni, avx512_bitalg, f16c, cet_ibt, cet_ss, avx512_ifma
Processor Information for all 8 processors :
  Max Mhz: 2419, Current Mhz: 2419, Mhz Limit: 2419

Memory: 4k page, system-wide physical 7971M (589M free)
TotalPageFile size 21468M (AvailPageFile size 110M)
current process WorkingSet (physical memory assigned to process): 422M, peak: 427M
current process commit charge ("private bytes"): 450M, peak: 677M

vm_info: Java HotSpot(TM) 64-Bit Server VM (21.0.8+12-LTS-250) for windows-amd64 JRE (21.0.8+12-LTS-250), built on 2025-06-27T08:11:22Z by "mach5one" with MS VC++ 17.6 (VS2022)

END.
